20.06.2019 15:49 Cron started.
20.06.2019 15:50 D:/wamp64/bin/php/php7.0.33/php.exe D:/wamp64/www/rrr/New folder/Tech2Success/MysqlDbConnect.php
20.06.2019 15:51 D:/wamp64/bin/php/php7.0.33/php.exe D:/wamp64/www/rrr/New folder/Tech2Success/MysqlDbConnect.php
20.06.2019 15:52 D:/wamp64/bin/php/php7.0.33/php.exe D:/wamp64/www/rrr/New folder/Tech2Success/MysqlDbConnect.php
20.06.2019 15:53 D:/wamp64/bin/php/php7.0.33/php.exe D:/wamp64/www/rrr/New folder/Tech2Success/MysqlDbConnect.php
20.06.2019 15:54 D:/wamp64/bin/php/php7.0.33/php.exe D:/wamp64/www/rrr/New folder/Tech2Success/MysqlDbConnect.php
20.06.2019 15:55 D:/wamp64/bin/php/php7.0.33/php.exe D:/wamp64/www/rrr/New folder/Tech2Success/MysqlDbConnect.php
20.06.2019 15:56 D:/wamp64/bin/php/php7.0.33/php.exe D:/wamp64/www/rrr/New folder/Tech2Success/MysqlDbConnect.php
20.06.2019 15:57 D:/wamp64/bin/php/php7.0.33/php.exe D:/wamp64/www/rrr/New folder/Tech2Success/MysqlDbConnect.php
20.06.2019 15:58 D:/wamp64/bin/php/php7.0.33/php.exe D:/wamp64/www/rrr/New folder/Tech2Success/MysqlDbConnect.php
20.06.2019 15:59 D:/wamp64/bin/php/php7.0.33/php.exe D:/wamp64/www/rrr/New folder/Tech2Success/MysqlDbConnect.php
20.06.2019 16:00 D:/wamp64/bin/php/php7.0.33/php.exe D:/wamp64/www/rrr/New folder/Tech2Success/MysqlDbConnect.php
20.06.2019 16:01 D:/wamp64/bin/php/php7.0.33/php.exe D:/wamp64/www/rrr/New folder/Tech2Success/MysqlDbConnect.php
20.06.2019 16:02 D:/wamp64/bin/php/php7.0.33/php.exe D:/wamp64/www/rrr/New folder/Tech2Success/MysqlDbConnect.php
20.06.2019 16:03 D:/wamp64/bin/php/php7.0.33/php.exe D:/wamp64/www/rrr/New folder/Tech2Success/MysqlDbConnect.php
20.06.2019 16:04 D:/wamp64/bin/php/php7.0.33/php.exe D:/wamp64/www/rrr/New folder/Tech2Success/MysqlDbConnect.php
20.06.2019 16:05 D:/wamp64/bin/php/php7.0.33/php.exe D:/wamp64/www/rrr/New folder/Tech2Success/MysqlDbConnect.php
20.06.2019 16:06 D:/wamp64/bin/php/php7.0.33/php.exe D:/wamp64/www/rrr/New folder/Tech2Success/MysqlDbConnect.php
20.06.2019 16:07 D:/wamp64/bin/php/php7.0.33/php.exe D:/wamp64/www/rrr/New folder/Tech2Success/MysqlDbConnect.php
20.06.2019 16:08 D:/wamp64/bin/php/php7.0.33/php.exe D:/wamp64/www/rrr/New folder/Tech2Success/MysqlDbConnect.php
20.06.2019 16:09 D:/wamp64/bin/php/php7.0.33/php.exe D:/wamp64/www/rrr/New folder/Tech2Success/MysqlDbConnect.php
20.06.2019 16:10 D:/wamp64/bin/php/php7.0.33/php.exe D:/wamp64/www/rrr/New folder/Tech2Success/MysqlDbConnect.php
20.06.2019 16:11 D:/wamp64/bin/php/php7.0.33/php.exe D:/wamp64/www/rrr/New folder/Tech2Success/MysqlDbConnect.php
20.06.2019 16:12 D:/wamp64/bin/php/php7.0.33/php.exe D:/wamp64/www/rrr/New folder/Tech2Success/MysqlDbConnect.php
20.06.2019 16:13 D:/wamp64/bin/php/php7.0.33/php.exe D:/wamp64/www/rrr/New folder/Tech2Success/MysqlDbConnect.php
20.06.2019 16:14 D:/wamp64/bin/php/php7.0.33/php.exe D:/wamp64/www/rrr/New folder/Tech2Success/MysqlDbConnect.php
20.06.2019 16:15 D:/wamp64/bin/php/php7.0.33/php.exe D:/wamp64/www/rrr/New folder/Tech2Success/MysqlDbConnect.php
20.06.2019 16:16 D:/wamp64/bin/php/php7.0.33/php.exe D:/wamp64/www/rrr/New folder/Tech2Success/MysqlDbConnect.php
20.06.2019 16:17 D:/wamp64/bin/php/php7.0.33/php.exe D:/wamp64/www/rrr/New folder/Tech2Success/MysqlDbConnect.php
20.06.2019 16:18 D:/wamp64/bin/php/php7.0.33/php.exe D:/wamp64/www/rrr/New folder/Tech2Success/scheduler.php
20.06.2019 16:19 D:/wamp64/bin/php/php7.0.33/php.exe D:/wamp64/www/rrr/New folder/Tech2Success/scheduler.php
20.06.2019 16:20 D:/wamp64/bin/php/php7.0.33/php.exe D:/wamp64/www/rrr/New folder/Tech2Success/scheduler.php
20.06.2019 16:21 D:/wamp64/bin/php/php7.0.33/php.exe D:/wamp64/www/rrr/New folder/Tech2Success/scheduler.php
20.06.2019 16:22 D:/wamp64/bin/php/php7.0.33/php.exe D:/wamp64/www/rrr/New folder/Tech2Success/scheduler.php
20.06.2019 16:23 D:/wamp64/bin/php/php7.0.33/php.exe D:/wamp64/www/rrr/New folder/Tech2Success/scheduler.php
20.06.2019 16:24 D:/wamp64/bin/php/php7.0.33/php.exe D:/wamp64/www/rrr/New folder/Tech2Success/scheduler.php
20.06.2019 16:25 D:/wamp64/bin/php/php7.0.33/php.exe D:/wamp64/www/rrr/New folder/Tech2Success/scheduler.php
20.06.2019 16:26 D:/wamp64/bin/php/php7.0.33/php.exe D:/wamp64/www/rrr/New folder/Tech2Success/scheduler.php
20.06.2019 16:27 D:/wamp64/bin/php/php7.0.33/php.exe D:/wamp64/www/rrr/New folder/Tech2Success/scheduler.php
20.06.2019 16:28 D:/wamp64/bin/php/php7.0.33/php.exe D:/wamp64/www/rrr/New folder/Tech2Success/scheduler.php
20.06.2019 16:29 D:/wamp64/bin/php/php7.0.33/php.exe D:/wamp64/www/rrr/New folder/Tech2Success/scheduler.php
20.06.2019 16:30 D:/wamp64/bin/php/php7.0.33/php.exe D:/wamp64/www/rrr/New folder/Tech2Success/scheduler.php
20.06.2019 16:31 D:/wamp64/bin/php/php7.0.33/php.exe D:/wamp64/www/rrr/New folder/Tech2Success/scheduler.php
20.06.2019 16:32 D:/wamp64/bin/php/php7.0.33/php.exe D:/wamp64/www/rrr/New folder/Tech2Success/scheduler.php
20.06.2019 16:33 D:/wamp64/bin/php/php7.0.33/php.exe D:/wamp64/www/rrr/New folder/Tech2Success/scheduler.php
20.06.2019 16:34 D:/wamp64/bin/php/php7.0.33/php.exe D:/wamp64/www/rrr/New folder/Tech2Success/scheduler.php
20.06.2019 16:35 D:/wamp64/bin/php/php7.0.33/php.exe D:/wamp64/www/rrr/New folder/Tech2Success/scheduler.php
20.06.2019 16:36 D:/wamp64/bin/php/php7.0.33/php.exe D:/wamp64/www/rrr/New folder/Tech2Success/scheduler.php
20.06.2019 16:37 D:/wamp64/bin/php/php7.0.33/php.exe D:/wamp64/www/rrr/New folder/Tech2Success/scheduler.php
20.06.2019 16:38 D:/wamp64/bin/php/php7.0.33/php.exe D:/wamp64/www/rrr/New folder/Tech2Success/scheduler.php
20.06.2019 16:39 D:/wamp64/bin/php/php7.0.33/php.exe D:/wamp64/www/rrr/New folder/Tech2Success/scheduler.php
20.06.2019 16:40 D:/wamp64/bin/php/php7.0.33/php.exe D:/wamp64/www/rrr/New folder/Tech2Success/scheduler.php
20.06.2019 16:41 D:/wamp64/bin/php/php7.0.33/php.exe D:/wamp64/www/rrr/New folder/Tech2Success/scheduler.php
20.06.2019 16:42 D:/wamp64/bin/php/php7.0.33/php.exe D:/wamp64/www/rrr/New folder/Tech2Success/scheduler.php
20.06.2019 16:43 D:/wamp64/bin/php/php7.0.33/php.exe D:/wamp64/www/rrr/New folder/Tech2Success/scheduler.php
20.06.2019 16:44 D:/wamp64/bin/php/php7.0.33/php.exe D:/wamp64/www/rrr/New folder/Tech2Success/scheduler.php
20.06.2019 16:45 D:/wamp64/bin/php/php7.0.33/php.exe D:/wamp64/www/rrr/New folder/Tech2Success/scheduler.php
20.06.2019 16:46 D:/wamp64/bin/php/php7.0.33/php.exe D:/wamp64/www/rrr/New folder/Tech2Success/scheduler.php
20.06.2019 16:47 D:/wamp64/bin/php/php7.0.33/php.exe D:/wamp64/www/rrr/New folder/Tech2Success/scheduler.php
20.06.2019 17:59 Cron started.
20.06.2019 18:00 D:/wamp64/bin/php/php7.0.33/php.exe D:/wamp64/www/rrr/New folder/Tech2Success/MysqlDbConnect.php
20.06.2019 18:01 D:/wamp64/bin/php/php7.0.33/php.exe D:/wamp64/www/rrr/New folder/Tech2Success/MysqlDbConnect.php
20.06.2019 18:02 D:/wamp64/bin/php/php7.0.33/php.exe D:/wamp64/www/rrr/New folder/Tech2Success/MysqlDbConnect.php
20.06.2019 18:03 D:/wamp64/bin/php/php7.0.33/php.exe D:/wamp64/www/rrr/New folder/Tech2Success/MysqlDbConnect.php
20.06.2019 18:04 D:/wamp64/bin/php/php7.0.33/php.exe D:/wamp64/www/rrr/New folder/Tech2Success/MysqlDbConnect.php
20.06.2019 18:05 D:/wamp64/bin/php/php7.0.33/php.exe D:/wamp64/www/rrr/New folder/Tech2Success/RabbiSendSqlTakeInDbMYSQL.php
20.06.2019 18:06 D:/wamp64/bin/php/php7.0.33/php.exe D:/wamp64/www/rrr/New folder/Tech2Success/RabbiSendSqlTakeInDbMYSQL.php
20.06.2019 18:07 D:/wamp64/bin/php/php7.0.33/php.exe D:/wamp64/www/rrr/New folder/Tech2Success/RabbiSendSqlTakeInDbMYSQL.php
20.06.2019 18:08 D:/wamp64/bin/php/php7.0.33/php.exe D:/wamp64/www/rrr/New folder/Tech2Success/RabbiSendSqlTakeInDbMYSQL.php
20.06.2019 18:09 D:/wamp64/bin/php/php7.0.33/php.exe D:/wamp64/www/rrr/New folder/Tech2Success/RabbiSendSqlTakeInDbMYSQL.php
20.06.2019 18:10 D:/wamp64/bin/php/php7.0.33/php.exe D:/wamp64/www/rrr/New folder/Tech2Success/RabbiSendSqlTakeInDbMYSQL.php
20.06.2019 18:11 D:/wamp64/bin/php/php7.0.33/php.exe D:/wamp64/www/rrr/New folder/Tech2Success/RabbiSendSqlTakeInDbMYSQL.php
20.06.2019 18:12 D:/wamp64/bin/php/php7.0.33/php.exe D:/wamp64/www/rrr/New folder/Tech2Success/RabbiSendSqlTakeInDbMYSQL.php
20.06.2019 18:13 D:/wamp64/bin/php/php7.0.33/php.exe D:/wamp64/www/rrr/New folder/Tech2Success/RabbiSendSqlTakeInDbMYSQL.php
20.06.2019 18:14 D:/wamp64/bin/php/php7.0.33/php.exe D:/wamp64/www/rrr/New folder/Tech2Success/RabbiSendSqlTakeInDbMYSQL.php
20.06.2019 18:15 D:/wamp64/bin/php/php7.0.33/php.exe D:/wamp64/www/rrr/New folder/Tech2Success/RabbiSendSqlTakeInDbMYSQL.php
20.06.2019 18:16 D:/wamp64/bin/php/php7.0.33/php.exe D:/wamp64/www/rrr/New folder/Tech2Success/RabbiSendSqlTakeInDbMYSQL.php
20.06.2019 18:17 D:/wamp64/bin/php/php7.0.33/php.exe D:/wamp64/www/rrr/New folder/Tech2Success/RabbiSendSqlTakeInDbMYSQL.php
20.06.2019 18:18 D:/wamp64/bin/php/php7.0.33/php.exe D:/wamp64/www/rrr/New folder/Tech2Success/RabbiSendSqlTakeInDbMYSQL.php
20.06.2019 18:19 D:/wamp64/bin/php/php7.0.33/php.exe D:/wamp64/www/rrr/New folder/Tech2Success/RabbiSendSqlTakeInDbMYSQL.php
20.06.2019 18:20 D:/wamp64/bin/php/php7.0.33/php.exe D:/wamp64/www/rrr/New folder/Tech2Success/RabbiSendSqlTakeInDbMYSQL.php
20.06.2019 18:21 D:/wamp64/bin/php/php7.0.33/php.exe D:/wamp64/www/rrr/New folder/Tech2Success/RabbiSendSqlTakeInDbMYSQL.php
20.06.2019 18:22 D:/wamp64/bin/php/php7.0.33/php.exe D:/wamp64/www/rrr/New folder/Tech2Success/RabbiSendSqlTakeInDbMYSQL.php
20.06.2019 18:23 D:/wamp64/bin/php/php7.0.33/php.exe D:/wamp64/www/rrr/New folder/Tech2Success/RabbiSendSqlTakeInDbMYSQL.php
20.06.2019 18:24 D:/wamp64/bin/php/php7.0.33/php.exe D:/wamp64/www/rrr/New folder/Tech2Success/RabbiSendSqlTakeInDbMYSQL.php
20.06.2019 18:25 D:/wamp64/bin/php/php7.0.33/php.exe D:/wamp64/www/rrr/New folder/Tech2Success/RabbiSendSqlTakeInDbMYSQL.php
20.06.2019 18:26 D:/wamp64/bin/php/php7.0.33/php.exe D:/wamp64/www/rrr/New folder/Tech2Success/RabbiSendSqlTakeInDbMYSQL.php
20.06.2019 18:27 D:/wamp64/bin/php/php7.0.33/php.exe D:/wamp64/www/rrr/New folder/Tech2Success/RabbiSendSqlTakeInDbMYSQL.php
20.06.2019 18:28 D:/wamp64/bin/php/php7.0.33/php.exe D:/wamp64/www/rrr/New folder/Tech2Success/RabbiSendSqlTakeInDbMYSQL.php
20.06.2019 18:29 D:/wamp64/bin/php/php7.0.33/php.exe D:/wamp64/www/rrr/New folder/Tech2Success/RabbiSendSqlTakeInDbMYSQL.php
20.06.2019 18:30 D:/wamp64/bin/php/php7.0.33/php.exe D:/wamp64/www/rrr/New folder/Tech2Success/RabbiSendSqlTakeInDbMYSQL.php
20.06.2019 18:31 D:/wamp64/bin/php/php7.0.33/php.exe D:/wamp64/www/rrr/New folder/Tech2Success/RabbiSendSqlTakeInDbMYSQL.php
20.06.2019 18:32 D:/wamp64/bin/php/php7.0.33/php.exe D:/wamp64/www/rrr/New folder/Tech2Success/RabbiSendSqlTakeInDbMYSQL.php
20.06.2019 18:33 D:/wamp64/bin/php/php7.0.33/php.exe D:/wamp64/www/rrr/New folder/Tech2Success/RabbiSendSqlTakeInDbMYSQL.php
20.06.2019 18:34 D:/wamp64/bin/php/php7.0.33/php.exe D:/wamp64/www/rrr/New folder/Tech2Success/RabbiSendSqlTakeInDbMYSQL.php
20.06.2019 18:35 D:/wamp64/bin/php/php7.0.33/php.exe D:/wamp64/www/rrr/New folder/Tech2Success/RabbiSendSqlTakeInDbMYSQL.php
20.06.2019 18:36 D:/wamp64/bin/php/php7.0.33/php.exe D:/wamp64/www/rrr/New folder/Tech2Success/RabbiSendSqlTakeInDbMYSQL.php
20.06.2019 18:37 D:/wamp64/bin/php/php7.0.33/php.exe D:/wamp64/www/rrr/New folder/Tech2Success/RabbiSendSqlTakeInDbMYSQL.php
20.06.2019 18:38 D:/wamp64/bin/php/php7.0.33/php.exe D:/wamp64/www/rrr/New folder/Tech2Success/RabbiSendSqlTakeInDbMYSQL.php
20.06.2019 18:39 D:/wamp64/bin/php/php7.0.33/php.exe D:/wamp64/www/rrr/New folder/Tech2Success/RabbiSendSqlTakeInDbMYSQL.php
20.06.2019 18:40 D:/wamp64/bin/php/php7.0.33/php.exe D:/wamp64/www/rrr/New folder/Tech2Success/RabbiSendSqlTakeInDbMYSQL.php
20.06.2019 18:41 D:/wamp64/bin/php/php7.0.33/php.exe D:/wamp64/www/rrr/New folder/Tech2Success/RabbiSendSqlTakeInDbMYSQL.php
20.06.2019 18:42 D:/wamp64/bin/php/php7.0.33/php.exe D:/wamp64/www/rrr/New folder/Tech2Success/RabbiSendSqlTakeInDbMYSQL.php
20.06.2019 18:43 D:/wamp64/bin/php/php7.0.33/php.exe D:/wamp64/www/rrr/New folder/Tech2Success/RabbiSendSqlTakeInDbMYSQL.php
20.06.2019 18:44 D:/wamp64/bin/php/php7.0.33/php.exe D:/wamp64/www/rrr/New folder/Tech2Success/RabbiSendSqlTakeInDbMYSQL.php
20.06.2019 18:45 D:/wamp64/bin/php/php7.0.33/php.exe D:/wamp64/www/rrr/New folder/Tech2Success/RabbiSendSqlTakeInDbMYSQL.php
20.06.2019 18:46 D:/wamp64/bin/php/php7.0.33/php.exe D:/wamp64/www/rrr/New folder/Tech2Success/RabbiSendSqlTakeInDbMYSQL.php
20.06.2019 18:47 D:/wamp64/bin/php/php7.0.33/php.exe D:/wamp64/www/rrr/New folder/Tech2Success/RabbiSendSqlTakeInDbMYSQL.php
20.06.2019 18:48 D:/wamp64/bin/php/php7.0.33/php.exe D:/wamp64/www/rrr/New folder/Tech2Success/RabbiSendSqlTakeInDbMYSQL.php
20.06.2019 18:49 D:/wamp64/bin/php/php7.0.33/php.exe D:/wamp64/www/rrr/New folder/Tech2Success/RabbiSendSqlTakeInDbMYSQL.php
20.06.2019 18:50 D:/wamp64/bin/php/php7.0.33/php.exe D:/wamp64/www/rrr/New folder/Tech2Success/RabbiSendSqlTakeInDbMYSQL.php
20.06.2019 18:51 D:/wamp64/bin/php/php7.0.33/php.exe D:/wamp64/www/rrr/New folder/Tech2Success/RabbiSendSqlTakeInDbMYSQL.php
20.06.2019 18:52 D:/wamp64/bin/php/php7.0.33/php.exe D:/wamp64/www/rrr/New folder/Tech2Success/RabbiSendSqlTakeInDbMYSQL.php
20.06.2019 18:53 D:/wamp64/bin/php/php7.0.33/php.exe D:/wamp64/www/rrr/New folder/Tech2Success/RabbiSendSqlTakeInDbMYSQL.php
20.06.2019 18:54 D:/wamp64/bin/php/php7.0.33/php.exe D:/wamp64/www/rrr/New folder/Tech2Success/RabbiSendSqlTakeInDbMYSQL.php
20.06.2019 18:55 D:/wamp64/bin/php/php7.0.33/php.exe D:/wamp64/www/rrr/New folder/Tech2Success/RabbiSendSqlTakeInDbMYSQL.php
20.06.2019 18:56 D:/wamp64/bin/php/php7.0.33/php.exe D:/wamp64/www/rrr/New folder/Tech2Success/RabbiSendSqlTakeInDbMYSQL.php
20.06.2019 18:57 D:/wamp64/bin/php/php7.0.33/php.exe D:/wamp64/www/rrr/New folder/Tech2Success/RabbiSendSqlTakeInDbMYSQL.php
20.06.2019 18:58 D:/wamp64/bin/php/php7.0.33/php.exe D:/wamp64/www/rrr/New folder/Tech2Success/RabbiSendSqlTakeInDbMYSQL.php
20.06.2019 18:59 D:/wamp64/bin/php/php7.0.33/php.exe D:/wamp64/www/rrr/New folder/Tech2Success/RabbiSendSqlTakeInDbMYSQL.php
20.06.2019 19:00 D:/wamp64/bin/php/php7.0.33/php.exe D:/wamp64/www/rrr/New folder/Tech2Success/RabbiSendSqlTakeInDbMYSQL.php
20.06.2019 19:01 D:/wamp64/bin/php/php7.0.33/php.exe D:/wamp64/www/rrr/New folder/Tech2Success/RabbiSendSqlTakeInDbMYSQL.php
20.06.2019 19:02 D:/wamp64/bin/php/php7.0.33/php.exe D:/wamp64/www/rrr/New folder/Tech2Success/RabbiSendSqlTakeInDbMYSQL.php
20.06.2019 19:03 D:/wamp64/bin/php/php7.0.33/php.exe D:/wamp64/www/rrr/New folder/Tech2Success/RabbiSendSqlTakeInDbMYSQL.php
20.06.2019 19:04 D:/wamp64/bin/php/php7.0.33/php.exe D:/wamp64/www/rrr/New folder/Tech2Success/RabbiSendSqlTakeInDbMYSQL.php
20.06.2019 19:05 D:/wamp64/bin/php/php7.0.33/php.exe D:/wamp64/www/rrr/New folder/Tech2Success/RabbiSendSqlTakeInDbMYSQL.php
20.06.2019 19:06 D:/wamp64/bin/php/php7.0.33/php.exe D:/wamp64/www/rrr/New folder/Tech2Success/RabbiSendSqlTakeInDbMYSQL.php
20.06.2019 19:07 D:/wamp64/bin/php/php7.0.33/php.exe D:/wamp64/www/rrr/New folder/Tech2Success/RabbiSendSqlTakeInDbMYSQL.php
20.06.2019 19:08 D:/wamp64/bin/php/php7.0.33/php.exe D:/wamp64/www/rrr/New folder/Tech2Success/RabbiSendSqlTakeInDbMYSQL.php
20.06.2019 19:09 D:/wamp64/bin/php/php7.0.33/php.exe D:/wamp64/www/rrr/New folder/Tech2Success/RabbiSendSqlTakeInDbMYSQL.php
20.06.2019 19:10 D:/wamp64/bin/php/php7.0.33/php.exe D:/wamp64/www/rrr/New folder/Tech2Success/RabbiSendSqlTakeInDbMYSQL.php
20.06.2019 19:11 D:/wamp64/bin/php/php7.0.33/php.exe D:/wamp64/www/rrr/New folder/Tech2Success/RabbiSendSqlTakeInDbMYSQL.php
20.06.2019 19:12 D:/wamp64/bin/php/php7.0.33/php.exe D:/wamp64/www/rrr/New folder/Tech2Success/RabbiSendSqlTakeInDbMYSQL.php
20.06.2019 19:13 D:/wamp64/bin/php/php7.0.33/php.exe D:/wamp64/www/rrr/New folder/Tech2Success/RabbiSendSqlTakeInDbMYSQL.php
20.06.2019 19:14 D:/wamp64/bin/php/php7.0.33/php.exe D:/wamp64/www/rrr/New folder/Tech2Success/RabbiSendSqlTakeInDbMYSQL.php
20.06.2019 19:15 D:/wamp64/bin/php/php7.0.33/php.exe D:/wamp64/www/rrr/New folder/Tech2Success/RabbiSendSqlTakeInDbMYSQL.php
20.06.2019 19:16 D:/wamp64/bin/php/php7.0.33/php.exe D:/wamp64/www/rrr/New folder/Tech2Success/RabbiSendSqlTakeInDbMYSQL.php
20.06.2019 19:17 D:/wamp64/bin/php/php7.0.33/php.exe D:/wamp64/www/rrr/New folder/Tech2Success/RabbiSendSqlTakeInDbMYSQL.php
20.06.2019 19:18 D:/wamp64/bin/php/php7.0.33/php.exe D:/wamp64/www/rrr/New folder/Tech2Success/RabbiSendSqlTakeInDbMYSQL.php
20.06.2019 19:19 D:/wamp64/bin/php/php7.0.33/php.exe D:/wamp64/www/rrr/New folder/Tech2Success/RabbiSendSqlTakeInDbMYSQL.php
20.06.2019 19:20 D:/wamp64/bin/php/php7.0.33/php.exe D:/wamp64/www/rrr/New folder/Tech2Success/RabbiSendSqlTakeInDbMYSQL.php
20.06.2019 19:21 D:/wamp64/bin/php/php7.0.33/php.exe D:/wamp64/www/rrr/New folder/Tech2Success/RabbiSendSqlTakeInDbMYSQL.php
20.06.2019 19:22 D:/wamp64/bin/php/php7.0.33/php.exe D:/wamp64/www/rrr/New folder/Tech2Success/RabbiSendSqlTakeInDbMYSQL.php
20.06.2019 19:23 D:/wamp64/bin/php/php7.0.33/php.exe D:/wamp64/www/rrr/New folder/Tech2Success/RabbiSendSqlTakeInDbMYSQL.php
20.06.2019 19:24 D:/wamp64/bin/php/php7.0.33/php.exe D:/wamp64/www/rrr/New folder/Tech2Success/RabbiSendSqlTakeInDbMYSQL.php
20.06.2019 19:25 D:/wamp64/bin/php/php7.0.33/php.exe D:/wamp64/www/rrr/New folder/Tech2Success/RabbiSendSqlTakeInDbMYSQL.php
20.06.2019 19:26 D:/wamp64/bin/php/php7.0.33/php.exe D:/wamp64/www/rrr/New folder/Tech2Success/RabbiSendSqlTakeInDbMYSQL.php
20.06.2019 19:27 D:/wamp64/bin/php/php7.0.33/php.exe D:/wamp64/www/rrr/New folder/Tech2Success/RabbiSendSqlTakeInDbMYSQL.php
20.06.2019 19:28 D:/wamp64/bin/php/php7.0.33/php.exe D:/wamp64/www/rrr/New folder/Tech2Success/RabbiSendSqlTakeInDbMYSQL.php
20.06.2019 19:29 D:/wamp64/bin/php/php7.0.33/php.exe D:/wamp64/www/rrr/New folder/Tech2Success/RabbiSendSqlTakeInDbMYSQL.php
20.06.2019 19:30 D:/wamp64/bin/php/php7.0.33/php.exe D:/wamp64/www/rrr/New folder/Tech2Success/RabbiSendSqlTakeInDbMYSQL.php
20.06.2019 19:31 D:/wamp64/bin/php/php7.0.33/php.exe D:/wamp64/www/rrr/New folder/Tech2Success/RabbiSendSqlTakeInDbMYSQL.php
20.06.2019 19:32 D:/wamp64/bin/php/php7.0.33/php.exe D:/wamp64/www/rrr/New folder/Tech2Success/RabbiSendSqlTakeInDbMYSQL.php
20.06.2019 19:33 D:/wamp64/bin/php/php7.0.33/php.exe D:/wamp64/www/rrr/New folder/Tech2Success/RabbiSendSqlTakeInDbMYSQL.php
24.06.2019 18:11 Cron started.
24.06.2019 18:12 D:/wamp64/bin/php/php7.0.33/php.exe D:/wamp64/www/rrr/New folder/Tech2Success/Index.php
24.06.2019 18:13 D:/wamp64/bin/php/php7.0.33/php.exe D:/wamp64/www/rrr/New folder/Tech2Success/Index.php
24.06.2019 18:14 D:/wamp64/bin/php/php7.0.33/php.exe D:/wamp64/www/rrr/New folder/Tech2Success/Index.php
24.06.2019 18:15 D:/wamp64/bin/php/php7.0.33/php.exe D:/wamp64/www/rrr/New folder/Tech2Success/Index.php
24.06.2019 18:16 D:/wamp64/bin/php/php7.0.33/php.exe D:/wamp64/www/rrr/New folder/Tech2Success/Index.php
24.06.2019 18:17 D:/wamp64/bin/php/php7.0.33/php.exe D:/wamp64/www/rrr/New folder/Tech2Success/Index.php
24.06.2019 18:18 D:/wamp64/bin/php/php7.0.33/php.exe D:/wamp64/www/rrr/New folder/Tech2Success/Index.php
24.06.2019 18:19 D:/wamp64/bin/php/php7.0.33/php.exe D:/wamp64/www/rrr/New folder/Tech2Success/Index.php
24.06.2019 18:20 D:/wamp64/bin/php/php7.0.33/php.exe D:/wamp64/www/rrr/New folder/Tech2Success/Index.php
24.06.2019 18:21 D:/wamp64/bin/php/php7.0.33/php.exe D:/wamp64/www/rrr/New folder/Tech2Success/Index.php
24.06.2019 18:22 D:/wamp64/bin/php/php7.0.33/php.exe D:/wamp64/www/rrr/New folder/Tech2Success/Index.php
24.06.2019 18:23 D:/wamp64/bin/php/php7.0.33/php.exe D:/wamp64/www/rrr/New folder/Tech2Success/Index.php
24.06.2019 18:24 D:/wamp64/bin/php/php7.0.33/php.exe D:/wamp64/www/rrr/New folder/Tech2Success/Index.php
24.06.2019 18:25 D:/wamp64/bin/php/php7.0.33/php.exe D:/wamp64/www/rrr/New folder/Tech2Success/Index.php
24.06.2019 18:26 D:/wamp64/bin/php/php7.0.33/php.exe D:/wamp64/www/rrr/New folder/Tech2Success/Index.php
24.06.2019 18:27 D:/wamp64/bin/php/php7.0.33/php.exe D:/wamp64/www/rrr/New folder/Tech2Success/Index.php
24.06.2019 18:28 D:/wamp64/bin/php/php7.0.33/php.exe D:/wamp64/www/rrr/New folder/Tech2Success/Index.php
24.06.2019 18:29 D:/wamp64/bin/php/php7.0.33/php.exe D:/wamp64/www/rrr/New folder/Tech2Success/Index.php
24.06.2019 18:30 D:/wamp64/bin/php/php7.0.33/php.exe D:/wamp64/www/rrr/New folder/Tech2Success/Index.php
24.06.2019 18:31 D:/wamp64/bin/php/php7.0.33/php.exe D:/wamp64/www/rrr/New folder/Tech2Success/Index.php
24.06.2019 18:32 D:/wamp64/bin/php/php7.0.33/php.exe D:/wamp64/www/rrr/New folder/Tech2Success/Index.php
24.06.2019 18:33 D:/wamp64/bin/php/php7.0.33/php.exe D:/wamp64/www/rrr/New folder/Tech2Success/Index.php
24.06.2019 18:34 D:/wamp64/bin/php/php7.0.33/php.exe D:/wamp64/www/rrr/New folder/Tech2Success/Index.php
24.06.2019 18:35 D:/wamp64/bin/php/php7.0.33/php.exe D:/wamp64/www/rrr/New folder/Tech2Success/Index.php
24.06.2019 18:36 D:/wamp64/bin/php/php7.0.33/php.exe D:/wamp64/www/rrr/New folder/Tech2Success/Index.php
24.06.2019 18:37 D:/wamp64/bin/php/php7.0.33/php.exe D:/wamp64/www/rrr/New folder/Tech2Success/Index.php
24.06.2019 18:38 D:/wamp64/bin/php/php7.0.33/php.exe D:/wamp64/www/rrr/New folder/Tech2Success/Index.php
24.06.2019 18:39 D:/wamp64/bin/php/php7.0.33/php.exe D:/wamp64/www/rrr/New folder/Tech2Success/Index.php
24.06.2019 18:40 D:/wamp64/bin/php/php7.0.33/php.exe D:/wamp64/www/rrr/New folder/Tech2Success/Index.php
24.06.2019 18:41 D:/wamp64/bin/php/php7.0.33/php.exe D:/wamp64/www/rrr/New folder/Tech2Success/Index.php
24.06.2019 18:42 D:/wamp64/bin/php/php7.0.33/php.exe D:/wamp64/www/rrr/New folder/Tech2Success/Index.php
24.06.2019 18:43 D:/wamp64/bin/php/php7.0.33/php.exe D:/wamp64/www/rrr/New folder/Tech2Success/Index.php
24.06.2019 18:44 D:/wamp64/bin/php/php7.0.33/php.exe D:/wamp64/www/rrr/New folder/Tech2Success/Index.php
24.06.2019 18:45 D:/wamp64/bin/php/php7.0.33/php.exe D:/wamp64/www/rrr/New folder/Tech2Success/Index.php
